<?xml version="1.0" encoding="utf-8"?><testsuites name="pytest tests"><testsuite name="pytest" errors="0" failures="2" skipped="1" tests="85" time="95.506" timestamp="2026-04-24T21:56:06.254081+05:30" hostname="Abhi"><testcase classname="tests.test_data_scraper.TestAutoCategorizeFn" name="test_sc_st_keywords" time="0.226" /><testcase classname="tests.test_data_scraper.TestAutoCategorizeFn" name="test_gender_keywords" time="0.003" /><testcase classname="tests.test_data_scraper.TestAutoCategorizeFn" name="test_disability_keywords" time="0.005" /><testcase classname="tests.test_data_scraper.TestAutoCategorizeFn" name="test_merit_keywords" time="0.007" /><testcase classname="tests.test_data_scraper.TestAutoCategorizeFn" name="test_income_keywords" time="0.007" /><testcase classname="tests.test_data_scraper.TestAutoCategorizeFn" name="test_default_merit" time="0.004" /><testcase classname="tests.test_data_scraper.TestSeedLoading" name="test_load_seed_scholarships" time="0.034" /><testcase classname="tests.test_data_scraper.TestSeedLoading" name="test_seed_has_real_data" time="0.004" /><testcase classname="tests.test_data_scraper.TestDeduplication" name="test_dedupe_scholarships_removes_duplicates" time="0.003" /><testcase classname="tests.test_data_scraper.TestDeduplication" name="test_dedupe_internships_removes_duplicates" time="0.003" /><testcase classname="tests.test_data_scraper.TestDeduplication" name="test_dedupe_assigns_sequential_ids" time="0.003" /><testcase classname="tests.test_data_scraper.TestInternshalaParser" name="test_scrape_internshala_parses_cards" time="0.033" /><testcase classname="tests.test_data_scraper.TestMahaDBTParser" name="test_scrape_mahadbt_parses_schemes" time="0.011" /><testcase classname="tests.test_data_scraper.TestCacheHelpers" name="test_save_and_load_json" time="0.025" /><testcase classname="tests.test_data_scraper.TestCacheHelpers" name="test_load_nonexistent_returns_none" time="0.006" /><testcase classname="tests.test_data_scraper.TestCacheHelpers" name="test_cache_is_fresh_for_new_file" time="0.009" /><testcase classname="tests.test_data_scraper.TestCacheHelpers" name="test_cache_is_not_fresh_for_missing_file" time="0.008" /><testcase classname="tests.test_data_scraper.TestPublicAPI" name="test_get_cached_scholarships_returns_list" time="0.004" /><testcase classname="tests.test_data_scraper.TestPublicAPI" name="test_get_cached_internships_returns_list" time="0.006" /><testcase classname="tests.test_data_scraper.TestPublicAPI" name="test_get_scrape_status" time="0.003" /><testcase classname="tests.verify_phase_11_16.TestDashboardAndNotifications" name="test_dashboard_components_logic" time="0.005"><failure message="assert 'renderAllGrids' in '// OneBridge App Engine - GitHub Pages Production Build\nif (window.Sentry === undefined) {\n    const script = document.createElement(\'script\');\n    script.src = \'https://browser.sentry-cdn.com/10.49.0/bundle.tracing.replay.min.js\';\n    script.crossOrigin = \'anonymous\';\n    script.onload = () =&gt; {\n        const dsn = \'https://your-frontend-dsn@sentry.io/project-id\';\n        if (dsn &amp;&amp; !dsn.includes(\'your-frontend-dsn\')) {\n            Sentry.init({\n                dsn: dsn,\n                integrations: [Sentry.browserTracingIntegration(), Sentry.replayIntegration()],\n                tracesSampleRate: 0.1,\n                replaysSessionSampleRate: 0.05,\n                replaysOnErrorSampleRate: 1.0,\n            });\n        } else {\n            console.warn(&quot;OneBridge: Sentry placeholder detected. Skipping init.&quot;);\n        }\n    };\n    document.head.appendChild(script);\n}\n\ndocument.addEventListener(&quot;DOMContentLoaded&quot;, () =&gt; {\n    console.log(&quot;OneBridge: Intelligence Engine Starting...&quot;);\n\n    // State\n    let curatedData = { achievers: [], motivational_insights: [], legends: [], featured_scholarships: [], platforms: [], skill_pathways: [] };\n   ...onst text = els.chatInput.value.trim();\n        if (!text) return;\n        addMsg(&quot;student&quot;, text);\n        els.chatInput.value = &quot;&quot;;\n        setTimeout(() =&gt; {\n            const kb = window.knowledgeBase || [];\n            const query = text.toLowerCase();\n            const match = kb.find(a =&gt; a.title.toLowerCase().includes(query) || a.tags.toLowerCase().includes(query));\n            addMsg(&quot;bot&quot;, match ? `(Demo) ${match.content}` : &quot;(Demo) I\'m not sure. Try asking about \'WiFi\'.&quot;);\n        }, 800);\n    };\n\n    const updateGlider = () =&gt; {\n        const active = document.querySelector(&quot;.main-tab.active&quot;);\n        if (active &amp;&amp; els.tabGlider) {\n            els.tabGlider.style.width = `${active.offsetWidth}px`;\n            els.tabGlider.style.left = `${active.offsetLeft}px`;\n        }\n    };\n\n    const initObserver = () =&gt; {\n        const obs = new IntersectionObserver((entries) =&gt; {\n            entries.forEach(entry =&gt; { if (entry.isIntersecting) entry.target.classList.add(&quot;animate&quot;); });\n        }, { threshold: 0.1 });\n        setTimeout(() =&gt; document.querySelectorAll(&quot;.animate&quot;).forEach(el =&gt; obs.observe(el)), 500);\n    };\n\n    fetchData();\n});\n'&#10; +  where '// OneBridge App Engine - GitHub Pages Production Build\nif (window.Sentry === undefined) {\n    const script = document.createElement(\'script\');\n    script.src = \'https://browser.sentry-cdn.com/10.49.0/bundle.tracing.replay.min.js\';\n    script.crossOrigin = \'anonymous\';\n    script.onload = () =&gt; {\n        const dsn = \'https://your-frontend-dsn@sentry.io/project-id\';\n        if (dsn &amp;&amp; !dsn.includes(\'your-frontend-dsn\')) {\n            Sentry.init({\n                dsn: dsn,\n                integrations: [Sentry.browserTracingIntegration(), Sentry.replayIntegration()],\n                tracesSampleRate: 0.1,\n                replaysSessionSampleRate: 0.05,\n                replaysOnErrorSampleRate: 1.0,\n            });\n        } else {\n            console.warn(&quot;OneBridge: Sentry placeholder detected. Skipping init.&quot;);\n        }\n    };\n    document.head.appendChild(script);\n}\n\ndocument.addEventListener(&quot;DOMContentLoaded&quot;, () =&gt; {\n    console.log(&quot;OneBridge: Intelligence Engine Starting...&quot;);\n\n    // State\n    let curatedData = { achievers: [], motivational_insights: [], legends: [], featured_scholarships: [], platforms: [], skill_pathways: [] };\n   ...onst text = els.chatInput.value.trim();\n        if (!text) return;\n        addMsg(&quot;student&quot;, text);\n        els.chatInput.value = &quot;&quot;;\n        setTimeout(() =&gt; {\n            const kb = window.knowledgeBase || [];\n            const query = text.toLowerCase();\n            const match = kb.find(a =&gt; a.title.toLowerCase().includes(query) || a.tags.toLowerCase().includes(query));\n            addMsg(&quot;bot&quot;, match ? `(Demo) ${match.content}` : &quot;(Demo) I\'m not sure. Try asking about \'WiFi\'.&quot;);\n        }, 800);\n    };\n\n    const updateGlider = () =&gt; {\n        const active = document.querySelector(&quot;.main-tab.active&quot;);\n        if (active &amp;&amp; els.tabGlider) {\n            els.tabGlider.style.width = `${active.offsetWidth}px`;\n            els.tabGlider.style.left = `${active.offsetLeft}px`;\n        }\n    };\n\n    const initObserver = () =&gt; {\n        const obs = new IntersectionObserver((entries) =&gt; {\n            entries.forEach(entry =&gt; { if (entry.isIntersecting) entry.target.classList.add(&quot;animate&quot;); });\n        }, { threshold: 0.1 });\n        setTimeout(() =&gt; document.querySelectorAll(&quot;.animate&quot;).forEach(el =&gt; obs.observe(el)), 500);\n    };\n\n    fetchData();\n});\n' = &lt;verify_phase_11_16.TestDashboardAndNotifications object at 0x00000245651C25D0&gt;.app_js">tests\verify_phase_11_16.py:23: in test_dashboard_components_logic
    assert "renderAllGrids" in self.app_js
E   assert 'renderAllGrids' in '// OneBridge App Engine - GitHub Pages Production Build\nif (window.Sentry === undefined) {\n    const script = document.createElement(\'script\');\n    script.src = \'https://browser.sentry-cdn.com/10.49.0/bundle.tracing.replay.min.js\';\n    script.crossOrigin = \'anonymous\';\n    script.onload = () =&gt; {\n        const dsn = \'https://your-frontend-dsn@sentry.io/project-id\';\n        if (dsn &amp;&amp; !dsn.includes(\'your-frontend-dsn\')) {\n            Sentry.init({\n                dsn: dsn,\n                integrations: [Sentry.browserTracingIntegration(), Sentry.replayIntegration()],\n                tracesSampleRate: 0.1,\n                replaysSessionSampleRate: 0.05,\n                replaysOnErrorSampleRate: 1.0,\n            });\n        } else {\n            console.warn("OneBridge: Sentry placeholder detected. Skipping init.");\n        }\n    };\n    document.head.appendChild(script);\n}\n\ndocument.addEventListener("DOMContentLoaded", () =&gt; {\n    console.log("OneBridge: Intelligence Engine Starting...");\n\n    // State\n    let curatedData = { achievers: [], motivational_insights: [], legends: [], featured_scholarships: [], platforms: [], skill_pathways: [] };\n   ...onst text = els.chatInput.value.trim();\n        if (!text) return;\n        addMsg("student", text);\n        els.chatInput.value = "";\n        setTimeout(() =&gt; {\n            const kb = window.knowledgeBase || [];\n            const query = text.toLowerCase();\n            const match = kb.find(a =&gt; a.title.toLowerCase().includes(query) || a.tags.toLowerCase().includes(query));\n            addMsg("bot", match ? `(Demo) ${match.content}` : "(Demo) I\'m not sure. Try asking about \'WiFi\'.");\n        }, 800);\n    };\n\n    const updateGlider = () =&gt; {\n        const active = document.querySelector(".main-tab.active");\n        if (active &amp;&amp; els.tabGlider) {\n            els.tabGlider.style.width = `${active.offsetWidth}px`;\n            els.tabGlider.style.left = `${active.offsetLeft}px`;\n        }\n    };\n\n    const initObserver = () =&gt; {\n        const obs = new IntersectionObserver((entries) =&gt; {\n            entries.forEach(entry =&gt; { if (entry.isIntersecting) entry.target.classList.add("animate"); });\n        }, { threshold: 0.1 });\n        setTimeout(() =&gt; document.querySelectorAll(".animate").forEach(el =&gt; obs.observe(el)), 500);\n    };\n\n    fetchData();\n});\n'
E    +  where '// OneBridge App Engine - GitHub Pages Production Build\nif (window.Sentry === undefined) {\n    const script = document.createElement(\'script\');\n    script.src = \'https://browser.sentry-cdn.com/10.49.0/bundle.tracing.replay.min.js\';\n    script.crossOrigin = \'anonymous\';\n    script.onload = () =&gt; {\n        const dsn = \'https://your-frontend-dsn@sentry.io/project-id\';\n        if (dsn &amp;&amp; !dsn.includes(\'your-frontend-dsn\')) {\n            Sentry.init({\n                dsn: dsn,\n                integrations: [Sentry.browserTracingIntegration(), Sentry.replayIntegration()],\n                tracesSampleRate: 0.1,\n                replaysSessionSampleRate: 0.05,\n                replaysOnErrorSampleRate: 1.0,\n            });\n        } else {\n            console.warn("OneBridge: Sentry placeholder detected. Skipping init.");\n        }\n    };\n    document.head.appendChild(script);\n}\n\ndocument.addEventListener("DOMContentLoaded", () =&gt; {\n    console.log("OneBridge: Intelligence Engine Starting...");\n\n    // State\n    let curatedData = { achievers: [], motivational_insights: [], legends: [], featured_scholarships: [], platforms: [], skill_pathways: [] };\n   ...onst text = els.chatInput.value.trim();\n        if (!text) return;\n        addMsg("student", text);\n        els.chatInput.value = "";\n        setTimeout(() =&gt; {\n            const kb = window.knowledgeBase || [];\n            const query = text.toLowerCase();\n            const match = kb.find(a =&gt; a.title.toLowerCase().includes(query) || a.tags.toLowerCase().includes(query));\n            addMsg("bot", match ? `(Demo) ${match.content}` : "(Demo) I\'m not sure. Try asking about \'WiFi\'.");\n        }, 800);\n    };\n\n    const updateGlider = () =&gt; {\n        const active = document.querySelector(".main-tab.active");\n        if (active &amp;&amp; els.tabGlider) {\n            els.tabGlider.style.width = `${active.offsetWidth}px`;\n            els.tabGlider.style.left = `${active.offsetLeft}px`;\n        }\n    };\n\n    const initObserver = () =&gt; {\n        const obs = new IntersectionObserver((entries) =&gt; {\n            entries.forEach(entry =&gt; { if (entry.isIntersecting) entry.target.classList.add("animate"); });\n        }, { threshold: 0.1 });\n        setTimeout(() =&gt; document.querySelectorAll(".animate").forEach(el =&gt; obs.observe(el)), 500);\n    };\n\n    fetchData();\n});\n' = &lt;verify_phase_11_16.TestDashboardAndNotifications object at 0x00000245651C25D0&gt;.app_js</failure></testcase><testcase classname="tests.verify_phase_11_16.TestDashboardAndNotifications" name="test_notification_registry_crud" time="0.028" /><testcase classname="tests.verify_phase_11_16.TestLocalAISubsystem" name="test_local_agent_logic" time="87.537" /><testcase classname="tests.verify_phase_11_16.TestLocalAISubsystem" name="test_ticket_routing_classification" time="0.004" /><testcase classname="tests.verify_phase_17_20.TestStateMachine" name="test_valid_transition_submitted_to_under_review" time="0.004" /><testcase classname="tests.verify_phase_17_20.TestStateMachine" name="test_valid_transition_under_review_to_resolved" time="0.005" /><testcase classname="tests.verify_phase_17_20.TestStateMachine" name="test_invalid_transition_submitted_to_resolved" time="0.007" /><testcase classname="tests.verify_phase_17_20.TestStateMachine" name="test_resolved_is_terminal" time="0.018" /><testcase classname="tests.verify_phase_17_20.TestStateMachine" name="test_advance_persists_to_json" time="0.064" /><testcase classname="tests.verify_phase_17_20.TestEscalation" name="test_sla_breach_escalates_ticket" time="0.046" /><testcase classname="tests.verify_phase_17_20.TestEscalation" name="test_fresh_ticket_not_escalated" time="0.095" /><testcase classname="tests.verify_phase_17_20.TestAssignCoordinator" name="test_high_confidence_it_assignment" time="0.010" /><testcase classname="tests.verify_phase_17_20.TestAssignCoordinator" name="test_high_confidence_eoc_assignment" time="0.006" /><testcase classname="tests.verify_phase_17_20.TestAssignCoordinator" name="test_low_confidence_goes_to_human_triage" time="0.006" /><testcase classname="tests.verify_phase_17_20.TestSchemaValidation" name="test_ticket_model_fields" time="0.005" /><testcase classname="tests.verify_phase_17_20.TestSchemaValidation" name="test_ticket_status_enum_has_action_required" time="0.004" /><testcase classname="tests.verify_phase_1_3.TestPhase1RequirementCrystallization" name="test_prd_content_integrity" time="0.060" /><testcase classname="tests.verify_phase_1_3.TestPhase1RequirementCrystallization" name="test_project_phases_document_exists" time="0.043" /><testcase classname="tests.verify_phase_1_3.TestPhase2ArchitectureDesign" name="test_architecture_persistence_layer" time="0.026" /><testcase classname="tests.verify_phase_1_3.TestPhase2ArchitectureDesign" name="test_erd_document_exists" time="0.004" /><testcase classname="tests.verify_phase_1_3.TestPhase3AIGovernance" name="test_governance_privacy_standards" time="0.050" /><testcase classname="tests.verify_phase_21_40.TestHelpdeskAndMatching" name="test_kb_article_registry" time="0.038" /><testcase classname="tests.verify_phase_21_40.TestHelpdeskAndMatching" name="test_distress_detection_logic" time="0.006" /><testcase classname="tests.verify_phase_21_40.TestFacilitiesAndApprovals" name="test_facility_booking_json" time="0.046" /><testcase classname="tests.verify_phase_21_40.TestSystemIntegrity" name="test_security_event_logging" time="0.026" /><testcase classname="tests.verify_phase_25_28.TestMatchScoring" name="test_match_record_attributes" time="0.010" /><testcase classname="tests.verify_phase_25_28.TestMatchScoring" name="test_logic_match_score_calculation" time="0.004" /><testcase classname="tests.verify_phase_25_28.TestApplicationTracker" name="test_create_application" time="0.005" /><testcase classname="tests.verify_phase_25_28.TestApplicationTracker" name="test_status_transition_validation" time="0.013" /><testcase classname="tests.verify_phase_25_28.TestCareerInventory" name="test_career_listing_filtration" time="0.004" /><testcase classname="tests.verify_phase_25_28.TestReadinessScorer" name="test_create_readiness_review_mock" time="0.004" /><testcase classname="tests.verify_phase_4.TestPhase4RegistryStructure" name="test_all_core_registries_initialized" time="0.014" /><testcase classname="tests.verify_phase_4.TestPhase4RegistryStructure" name="test_student_model_validation" time="0.007" /><testcase classname="tests.verify_phase_4.TestPhase4RegistryStructure" name="test_support_ticket_model_validation" time="0.004" /><testcase classname="tests.verify_phase_4.TestPhase4Enums" name="test_branch_enum" time="0.003" /><testcase classname="tests.verify_phase_4.TestPhase4Enums" name="test_ticket_status_enum" time="0.004" /><testcase classname="tests.verify_phase_4.TestPhase4Enums" name="test_kb_category_enum" time="0.005" /><testcase classname="tests.verify_phase_4.TestPhase4Enums" name="test_application_status_enum" time="0.003" /><testcase classname="tests.verify_phase_4.TestPhase4ModelComposition" name="test_chat_conversation_composition" time="0.004" /><testcase classname="tests.verify_phase_5_8.TestPhase5VersionControl" name="test_contributing_and_requirements" time="0.033" /><testcase classname="tests.verify_phase_5_8.TestPhase7Frontend" name="test_distress_detection_logic" time="0.007"><failure message="assert 'renderSkeletons' in '// OneBridge App Engine - GitHub Pages Production Build\nif (window.Sentry === undefined) {\n    const script = document.createElement(\'script\');\n    script.src = \'https://browser.sentry-cdn.com/10.49.0/bundle.tracing.replay.min.js\';\n    script.crossOrigin = \'anonymous\';\n    script.onload = () =&gt; {\n        const dsn = \'https://your-frontend-dsn@sentry.io/project-id\';\n        if (dsn &amp;&amp; !dsn.includes(\'your-frontend-dsn\')) {\n            Sentry.init({\n                dsn: dsn,\n                integrations: [Sentry.browserTracingIntegration(), Sentry.replayIntegration()],\n                tracesSampleRate: 0.1,\n                replaysSessionSampleRate: 0.05,\n                replaysOnErrorSampleRate: 1.0,\n            });\n        } else {\n            console.warn(&quot;OneBridge: Sentry placeholder detected. Skipping init.&quot;);\n        }\n    };\n    document.head.appendChild(script);\n}\n\ndocument.addEventListener(&quot;DOMContentLoaded&quot;, () =&gt; {\n    console.log(&quot;OneBridge: Intelligence Engine Starting...&quot;);\n\n    // State\n    let curatedData = { achievers: [], motivational_insights: [], legends: [], featured_scholarships: [], platforms: [], skill_pathways: [] };\n   ...onst text = els.chatInput.value.trim();\n        if (!text) return;\n        addMsg(&quot;student&quot;, text);\n        els.chatInput.value = &quot;&quot;;\n        setTimeout(() =&gt; {\n            const kb = window.knowledgeBase || [];\n            const query = text.toLowerCase();\n            const match = kb.find(a =&gt; a.title.toLowerCase().includes(query) || a.tags.toLowerCase().includes(query));\n            addMsg(&quot;bot&quot;, match ? `(Demo) ${match.content}` : &quot;(Demo) I\'m not sure. Try asking about \'WiFi\'.&quot;);\n        }, 800);\n    };\n\n    const updateGlider = () =&gt; {\n        const active = document.querySelector(&quot;.main-tab.active&quot;);\n        if (active &amp;&amp; els.tabGlider) {\n            els.tabGlider.style.width = `${active.offsetWidth}px`;\n            els.tabGlider.style.left = `${active.offsetLeft}px`;\n        }\n    };\n\n    const initObserver = () =&gt; {\n        const obs = new IntersectionObserver((entries) =&gt; {\n            entries.forEach(entry =&gt; { if (entry.isIntersecting) entry.target.classList.add(&quot;animate&quot;); });\n        }, { threshold: 0.1 });\n        setTimeout(() =&gt; document.querySelectorAll(&quot;.animate&quot;).forEach(el =&gt; obs.observe(el)), 500);\n    };\n\n    fetchData();\n});\n'&#10; +  where '// OneBridge App Engine - GitHub Pages Production Build\nif (window.Sentry === undefined) {\n    const script = document.createElement(\'script\');\n    script.src = \'https://browser.sentry-cdn.com/10.49.0/bundle.tracing.replay.min.js\';\n    script.crossOrigin = \'anonymous\';\n    script.onload = () =&gt; {\n        const dsn = \'https://your-frontend-dsn@sentry.io/project-id\';\n        if (dsn &amp;&amp; !dsn.includes(\'your-frontend-dsn\')) {\n            Sentry.init({\n                dsn: dsn,\n                integrations: [Sentry.browserTracingIntegration(), Sentry.replayIntegration()],\n                tracesSampleRate: 0.1,\n                replaysSessionSampleRate: 0.05,\n                replaysOnErrorSampleRate: 1.0,\n            });\n        } else {\n            console.warn(&quot;OneBridge: Sentry placeholder detected. Skipping init.&quot;);\n        }\n    };\n    document.head.appendChild(script);\n}\n\ndocument.addEventListener(&quot;DOMContentLoaded&quot;, () =&gt; {\n    console.log(&quot;OneBridge: Intelligence Engine Starting...&quot;);\n\n    // State\n    let curatedData = { achievers: [], motivational_insights: [], legends: [], featured_scholarships: [], platforms: [], skill_pathways: [] };\n   ...onst text = els.chatInput.value.trim();\n        if (!text) return;\n        addMsg(&quot;student&quot;, text);\n        els.chatInput.value = &quot;&quot;;\n        setTimeout(() =&gt; {\n            const kb = window.knowledgeBase || [];\n            const query = text.toLowerCase();\n            const match = kb.find(a =&gt; a.title.toLowerCase().includes(query) || a.tags.toLowerCase().includes(query));\n            addMsg(&quot;bot&quot;, match ? `(Demo) ${match.content}` : &quot;(Demo) I\'m not sure. Try asking about \'WiFi\'.&quot;);\n        }, 800);\n    };\n\n    const updateGlider = () =&gt; {\n        const active = document.querySelector(&quot;.main-tab.active&quot;);\n        if (active &amp;&amp; els.tabGlider) {\n            els.tabGlider.style.width = `${active.offsetWidth}px`;\n            els.tabGlider.style.left = `${active.offsetLeft}px`;\n        }\n    };\n\n    const initObserver = () =&gt; {\n        const obs = new IntersectionObserver((entries) =&gt; {\n            entries.forEach(entry =&gt; { if (entry.isIntersecting) entry.target.classList.add(&quot;animate&quot;); });\n        }, { threshold: 0.1 });\n        setTimeout(() =&gt; document.querySelectorAll(&quot;.animate&quot;).forEach(el =&gt; obs.observe(el)), 500);\n    };\n\n    fetchData();\n});\n' = &lt;verify_phase_5_8.TestPhase7Frontend object at 0x00000245666CF080&gt;.app_js">tests\verify_phase_5_8.py:36: in test_distress_detection_logic
    assert "renderSkeletons" in self.app_js
E   assert 'renderSkeletons' in '// OneBridge App Engine - GitHub Pages Production Build\nif (window.Sentry === undefined) {\n    const script = document.createElement(\'script\');\n    script.src = \'https://browser.sentry-cdn.com/10.49.0/bundle.tracing.replay.min.js\';\n    script.crossOrigin = \'anonymous\';\n    script.onload = () =&gt; {\n        const dsn = \'https://your-frontend-dsn@sentry.io/project-id\';\n        if (dsn &amp;&amp; !dsn.includes(\'your-frontend-dsn\')) {\n            Sentry.init({\n                dsn: dsn,\n                integrations: [Sentry.browserTracingIntegration(), Sentry.replayIntegration()],\n                tracesSampleRate: 0.1,\n                replaysSessionSampleRate: 0.05,\n                replaysOnErrorSampleRate: 1.0,\n            });\n        } else {\n            console.warn("OneBridge: Sentry placeholder detected. Skipping init.");\n        }\n    };\n    document.head.appendChild(script);\n}\n\ndocument.addEventListener("DOMContentLoaded", () =&gt; {\n    console.log("OneBridge: Intelligence Engine Starting...");\n\n    // State\n    let curatedData = { achievers: [], motivational_insights: [], legends: [], featured_scholarships: [], platforms: [], skill_pathways: [] };\n   ...onst text = els.chatInput.value.trim();\n        if (!text) return;\n        addMsg("student", text);\n        els.chatInput.value = "";\n        setTimeout(() =&gt; {\n            const kb = window.knowledgeBase || [];\n            const query = text.toLowerCase();\n            const match = kb.find(a =&gt; a.title.toLowerCase().includes(query) || a.tags.toLowerCase().includes(query));\n            addMsg("bot", match ? `(Demo) ${match.content}` : "(Demo) I\'m not sure. Try asking about \'WiFi\'.");\n        }, 800);\n    };\n\n    const updateGlider = () =&gt; {\n        const active = document.querySelector(".main-tab.active");\n        if (active &amp;&amp; els.tabGlider) {\n            els.tabGlider.style.width = `${active.offsetWidth}px`;\n            els.tabGlider.style.left = `${active.offsetLeft}px`;\n        }\n    };\n\n    const initObserver = () =&gt; {\n        const obs = new IntersectionObserver((entries) =&gt; {\n            entries.forEach(entry =&gt; { if (entry.isIntersecting) entry.target.classList.add("animate"); });\n        }, { threshold: 0.1 });\n        setTimeout(() =&gt; document.querySelectorAll(".animate").forEach(el =&gt; obs.observe(el)), 500);\n    };\n\n    fetchData();\n});\n'
E    +  where '// OneBridge App Engine - GitHub Pages Production Build\nif (window.Sentry === undefined) {\n    const script = document.createElement(\'script\');\n    script.src = \'https://browser.sentry-cdn.com/10.49.0/bundle.tracing.replay.min.js\';\n    script.crossOrigin = \'anonymous\';\n    script.onload = () =&gt; {\n        const dsn = \'https://your-frontend-dsn@sentry.io/project-id\';\n        if (dsn &amp;&amp; !dsn.includes(\'your-frontend-dsn\')) {\n            Sentry.init({\n                dsn: dsn,\n                integrations: [Sentry.browserTracingIntegration(), Sentry.replayIntegration()],\n                tracesSampleRate: 0.1,\n                replaysSessionSampleRate: 0.05,\n                replaysOnErrorSampleRate: 1.0,\n            });\n        } else {\n            console.warn("OneBridge: Sentry placeholder detected. Skipping init.");\n        }\n    };\n    document.head.appendChild(script);\n}\n\ndocument.addEventListener("DOMContentLoaded", () =&gt; {\n    console.log("OneBridge: Intelligence Engine Starting...");\n\n    // State\n    let curatedData = { achievers: [], motivational_insights: [], legends: [], featured_scholarships: [], platforms: [], skill_pathways: [] };\n   ...onst text = els.chatInput.value.trim();\n        if (!text) return;\n        addMsg("student", text);\n        els.chatInput.value = "";\n        setTimeout(() =&gt; {\n            const kb = window.knowledgeBase || [];\n            const query = text.toLowerCase();\n            const match = kb.find(a =&gt; a.title.toLowerCase().includes(query) || a.tags.toLowerCase().includes(query));\n            addMsg("bot", match ? `(Demo) ${match.content}` : "(Demo) I\'m not sure. Try asking about \'WiFi\'.");\n        }, 800);\n    };\n\n    const updateGlider = () =&gt; {\n        const active = document.querySelector(".main-tab.active");\n        if (active &amp;&amp; els.tabGlider) {\n            els.tabGlider.style.width = `${active.offsetWidth}px`;\n            els.tabGlider.style.left = `${active.offsetLeft}px`;\n        }\n    };\n\n    const initObserver = () =&gt; {\n        const obs = new IntersectionObserver((entries) =&gt; {\n            entries.forEach(entry =&gt; { if (entry.isIntersecting) entry.target.classList.add("animate"); });\n        }, { threshold: 0.1 });\n        setTimeout(() =&gt; document.querySelectorAll(".animate").forEach(el =&gt; obs.observe(el)), 500);\n    };\n\n    fetchData();\n});\n' = &lt;verify_phase_5_8.TestPhase7Frontend object at 0x00000245666CF080&gt;.app_js</failure></testcase><testcase classname="tests.verify_phase_5_8.TestPhase7Frontend" name="test_ticket_routing_classification" time="0.015" /><testcase classname="tests.verify_phase_5_8.TestPhase8Theming" name="test_css_design_tokens" time="0.010" /><testcase classname="tests.verify_phase_6.TestPhase6APIScaffolding" name="test_main_py_exists" time="0.007" /><testcase classname="tests.verify_phase_6.TestPhase6APIScaffolding" name="test_main_py_has_fastapi_app" time="0.096" /><testcase classname="tests.verify_phase_6.TestPhase6APIScaffolding" name="test_cors_middleware_configured" time="0.019" /><testcase classname="tests.verify_phase_6.TestPhase6APIScaffolding" name="test_health_endpoint_defined" time="0.004" /><testcase classname="tests.verify_phase_6.TestPhase6APIScaffolding" name="test_ticket_submission_endpoint" time="0.006" /><testcase classname="tests.verify_phase_6.TestPhase6APIScaffolding" name="test_pydantic_models_defined" time="0.006" /><testcase classname="tests.verify_phase_6.TestPhase6APIScaffolding" name="test_database_dependency_stub" time="0.006" /><testcase classname="tests.verify_phase_6.TestPhase6APIScaffolding" name="test_process_time_middleware" time="0.006" /><testcase classname="tests.verify_phase_6.TestPhase6JSONCRUD" name="test_create_student_and_ticket" time="0.040" /><testcase classname="tests.verify_phase_6.TestPhase6JSONCRUD" name="test_notification_crud" time="0.026" /><testcase classname="tests.verify_phase_6.TestPhase6JSONCRUD" name="test_all_core_json_files_init" time="0.020" /><testcase classname="tests.verify_phase_9_10.TestAuthModule" name="test_jwt_token_creation" time="2.948" /><testcase classname="tests.verify_phase_9_10.TestAuthModule" name="test_jwt_token_decode" time="0.005" /><testcase classname="tests.verify_phase_9_10.TestAuthModule" name="test_password_hashing" time="0.079"><skipped type="pytest.skip" message="bcrypt version incompatible with passlib">D:\Projects\Special Students\tests\verify_phase_9_10.py:49: bcrypt version incompatible with passlib</skipped></testcase><testcase classname="tests.verify_phase_9_10.TestAuthModule" name="test_role_builder" time="0.003" /><testcase classname="tests.verify_phase_9_10.TestAuthModule" name="test_role_builder_eoc_eligible" time="0.003" /><testcase classname="tests.verify_phase_9_10.TestTicketLifecycle" name="test_valid_state_transitions" time="0.011" /><testcase classname="tests.verify_phase_9_10.TestTicketLifecycle" name="test_invalid_state_transition_raises" time="0.004" /><testcase classname="tests.verify_phase_9_10.TestTicketLifecycle" name="test_coordinator_assignment_high_confidence" time="0.003" /><testcase classname="tests.verify_phase_9_10.TestTicketLifecycle" name="test_sla_breach_detection_json" time="0.064" /><testcase classname="tests.verify_phase_9_10.TestRBACSystem" name="test_rbac_checker_allows_valid_roles" time="0.015" /><testcase classname="tests.verify_phase_9_10.TestRBACSystem" name="test_rbac_checker_blocks_invalid_roles" time="0.009" /></testsuite></testsuites>